2023-04-11T22:03:43.760185+09:00 - This is an info!
2023-04-11T22:03:43.760221+09:00 - This is an warn!
2023-04-11T22:03:43.760236+09:00 - This is an error!
2023-04-11T22:03:43.761356+09:00 - Server::run; addr=127.0.0.1:3030
2023-04-11T22:03:43.761409+09:00 - listening on http://127.0.0.1:3030
2023-04-11T22:06:58.190532+09:00 INFO web_test - This is an info!
2023-04-11T22:06:58.190770+09:00 WARN web_test - This is an warn!
2023-04-11T22:06:58.190787+09:00 ERROR web_test - This is an error!
2023-04-11T22:06:58.191749+09:00 INFO warp::server - Server::run; addr=127.0.0.1:3030
2023-04-11T22:06:58.191789+09:00 INFO warp::server - listening on http://127.0.0.1:3030
2023-04-11T22:08:29.256607+09:00 - This is an info!
2023-04-11T22:08:29.256635+09:00 - This is an warn!
2023-04-11T22:08:29.256650+09:00 - This is an error!
2023-04-11T22:08:29.257553+09:00 - Server::run; addr=127.0.0.1:3030
2023-04-11T22:08:29.257586+09:00 - listening on http://127.0.0.1:3030
2023-04-11T22:10:54.027289+09:00 - This is an info!
2023-04-11T22:10:54.027351+09:00 - This is an warn!
2023-04-11T22:10:54.027382+09:00 - This is an error!
2023-04-11T22:10:54.028929+09:00 - Server::run; addr=127.0.0.1:3030
2023-04-11T22:10:54.028994+09:00 - listening on http://127.0.0.1:3030
2023-04-11T22:13:34.838386+09:00 - This is an info!
2023-04-11T22:13:34.838614+09:00 - This is an warn!
2023-04-11T22:13:34.838665+09:00 - This is an error!
2023-04-11T22:13:34.839715+09:00 - Server::run; addr=127.0.0.1:3030
2023-04-11T22:13:34.839770+09:00 - listening on http://127.0.0.1:3030
2023-04-11T22:16:16.636379+09:00 - This is an info!
2023-04-11T22:16:16.636407+09:00 - This is an warn!
2023-04-11T22:16:16.636422+09:00 - This is an error!
2023-04-11T22:16:16.637266+09:00 - Server::run; addr=127.0.0.1:3030
2023-04-11T22:16:16.637297+09:00 - listening on http://127.0.0.1:3030
2023-04-11T22:17:59.855161+09:00 - This is an info!
2023-04-11T22:17:59.855191+09:00 - This is an warn!
2023-04-11T22:17:59.855209+09:00 - This is an error!
2023-04-11T22:17:59.856103+09:00 - Server::run; addr=127.0.0.1:3030
2023-04-11T22:17:59.856139+09:00 - listening on http://127.0.0.1:3030
{"time":"2023-04-11T22:27:01.961127+09:00","message":"This is an info!","module_path":"web_test","file":"src/main.rs","line":23,"level":"INFO","target":"web_test","thread":"main","thread_id":8600741120,"mdc":{}}
{"time":"2023-04-11T22:27:01.961441+09:00","message":"This is an error!","module_path":"web_test","file":"src/main.rs","line":24,"level":"ERROR","target":"web_test","thread":"main","thread_id":8600741120,"mdc":{}}
{"time":"2023-04-11T22:27:01.962678+09:00","message":"Server::run; addr=127.0.0.1:3030","module_path":"warp::server","file":"/Users/migolee/.cargo/registry/src/github.com-1ecc6299db9ec823/warp-0.3.4/src/server.rs","line":133,"level":"INFO","target":"warp::server","thread":"main","thread_id":8600741120,"mdc":{}}
{"time":"2023-04-11T22:27:01.962760+09:00","message":"listening on http://127.0.0.1:3030","module_path":"warp::server","file":"/Users/migolee/.cargo/registry/src/github.com-1ecc6299db9ec823/warp-0.3.4/src/server.rs","line":134,"level":"INFO","target":"warp::server","thread":"main","thread_id":8600741120,"mdc":{}}
{"time":"2023-04-11T22:30:18.906660+09:00","message":"This is an info!","module_path":"web_test","file":"src/main.rs","line":23,"level":"INFO","target":"web_test","thread":"main","thread_id":8600741120,"mdc":{}}
{"time":"2023-04-11T22:30:18.906725+09:00","message":"This is an error!","module_path":"web_test","file":"src/main.rs","line":24,"level":"ERROR","target":"web_test","thread":"main","thread_id":8600741120,"mdc":{}}
{"time":"2023-04-11T22:30:18.908323+09:00","message":"Server::run; addr=127.0.0.1:3030","module_path":"warp::server","file":"/Users/migolee/.cargo/registry/src/github.com-1ecc6299db9ec823/warp-0.3.4/src/server.rs","line":133,"level":"INFO","target":"warp::server","thread":"main","thread_id":8600741120,"mdc":{}}
{"time":"2023-04-11T22:30:18.908448+09:00","message":"listening on http://127.0.0.1:3030","module_path":"warp::server","file":"/Users/migolee/.cargo/registry/src/github.com-1ecc6299db9ec823/warp-0.3.4/src/server.rs","line":134,"level":"INFO","target":"warp::server","thread":"main","thread_id":8600741120,"mdc":{}}
{"time":"2023-04-11T22:30:22.671445+09:00","message":"GET /questions 200 OK 162.459µs","module_path":"web_test","file":"src/main.rs","line":16,"level":"INFO","target":"web_test","thread":"tokio-runtime-worker","thread_id":6144225280,"mdc":{}}
{"time":"2023-04-11T22:34:06.324458+09:00","message":"This is an info!","module_path":"web_test","file":"src/main.rs","line":23,"level":"INFO","target":"web_test","thread":"main","thread_id":8600741120,"mdc":{}}
{"time":"2023-04-11T22:34:06.324685+09:00","message":"This is an error!","module_path":"web_test","file":"src/main.rs","line":24,"level":"ERROR","target":"web_test","thread":"main","thread_id":8600741120,"mdc":{}}
{"time":"2023-04-11T22:34:06.326249+09:00","message":"Server::run; addr=127.0.0.1:3030","module_path":"warp::server","file":"/Users/migolee/.cargo/registry/src/github.com-1ecc6299db9ec823/warp-0.3.4/src/server.rs","line":133,"level":"INFO","target":"warp::server","thread":"main","thread_id":8600741120,"mdc":{}}
{"time":"2023-04-11T22:34:06.326384+09:00","message":"listening on http://127.0.0.1:3030","module_path":"warp::server","file":"/Users/migolee/.cargo/registry/src/github.com-1ecc6299db9ec823/warp-0.3.4/src/server.rs","line":134,"level":"INFO","target":"warp::server","thread":"main","thread_id":8600741120,"mdc":{}}
{"time":"2023-04-11T22:34:08.203210+09:00","message":"Start querying questions","module_path":"web_test::routes::questions","file":"src/routes/questions.rs","line":18,"level":"INFO","target":"web_test::routes::questions","thread":"tokio-runtime-worker","thread_id":6139523072,"mdc":{}}
{"time":"2023-04-11T22:34:08.203272+09:00","message":"No pagination used","module_path":"web_test::routes::questions","file":"src/routes/questions.rs","line":27,"level":"INFO","target":"web_test::routes::questions","thread":"tokio-runtime-worker","thread_id":6139523072,"mdc":{}}
{"time":"2023-04-11T22:34:08.203404+09:00","message":"GET /questions 200 OK 417.416µs","module_path":"web_test","file":"src/main.rs","line":16,"level":"INFO","target":"web_test","thread":"tokio-runtime-worker","thread_id":6139523072,"mdc":{}}
{"time":"2023-04-11T22:34:35.332042+09:00","message":"Start querying questions","module_path":"web_test::routes::questions","file":"src/routes/questions.rs","line":18,"level":"INFO","target":"web_test::routes::questions","thread":"tokio-runtime-worker","thread_id":6139523072,"mdc":{}}
{"time":"2023-04-11T22:34:35.332130+09:00","message":"No pagination used","module_path":"web_test::routes::questions","file":"src/routes/questions.rs","line":27,"level":"INFO","target":"web_test::routes::questions","thread":"tokio-runtime-worker","thread_id":6139523072,"mdc":{}}
{"time":"2023-04-11T22:34:35.332255+09:00","message":"GET /questions 200 OK 348.625µs","module_path":"web_test","file":"src/main.rs","line":16,"level":"INFO","target":"web_test","thread":"tokio-runtime-worker","thread_id":6139523072,"mdc":{}}
{"time":"2023-04-11T22:34:35.496017+09:00","message":"Start querying questions","module_path":"web_test::routes::questions","file":"src/routes/questions.rs","line":18,"level":"INFO","target":"web_test::routes::questions","thread":"tokio-runtime-worker","thread_id":6139523072,"mdc":{}}
{"time":"2023-04-11T22:34:35.496091+09:00","message":"No pagination used","module_path":"web_test::routes::questions","file":"src/routes/questions.rs","line":27,"level":"INFO","target":"web_test::routes::questions","thread":"tokio-runtime-worker","thread_id":6139523072,"mdc":{}}
{"time":"2023-04-11T22:34:35.496189+09:00","message":"GET /questions 200 OK 260.333µs","module_path":"web_test","file":"src/main.rs","line":16,"level":"INFO","target":"web_test","thread":"tokio-runtime-worker","thread_id":6139523072,"mdc":{}}
{"time":"2023-04-11T22:34:36.227066+09:00","message":"Start querying questions","module_path":"web_test::routes::questions","file":"src/routes/questions.rs","line":18,"level":"INFO","target":"web_test::routes::questions","thread":"tokio-runtime-worker","thread_id":6139523072,"mdc":{}}
{"time":"2023-04-11T22:34:36.227177+09:00","message":"No pagination used","module_path":"web_test::routes::questions","file":"src/routes/questions.rs","line":27,"level":"INFO","target":"web_test::routes::questions","thread":"tokio-runtime-worker","thread_id":6139523072,"mdc":{}}
{"time":"2023-04-11T22:34:36.227302+09:00","message":"GET /questions 200 OK 334.375µs","module_path":"web_test","file":"src/main.rs","line":16,"level":"INFO","target":"web_test","thread":"tokio-runtime-worker","thread_id":6139523072,"mdc":{}}
{"time":"2023-04-11T22:34:36.353047+09:00","message":"Start querying questions","module_path":"web_test::routes::questions","file":"src/routes/questions.rs","line":18,"level":"INFO","target":"web_test::routes::questions","thread":"tokio-runtime-worker","thread_id":6139523072,"mdc":{}}
{"time":"2023-04-11T22:34:36.353104+09:00","message":"No pagination used","module_path":"web_test::routes::questions","file":"src/routes/questions.rs","line":27,"level":"INFO","target":"web_test::routes::questions","thread":"tokio-runtime-worker","thread_id":6139523072,"mdc":{}}
{"time":"2023-04-11T22:34:36.353196+09:00","message":"GET /questions 200 OK 294.709µs","module_path":"web_test","file":"src/main.rs","line":16,"level":"INFO","target":"web_test","thread":"tokio-runtime-worker","thread_id":6139523072,"mdc":{}}
{"time":"2023-04-11T22:34:36.436422+09:00","message":"Start querying questions","module_path":"web_test::routes::questions","file":"src/routes/questions.rs","line":18,"level":"INFO","target":"web_test::routes::questions","thread":"tokio-runtime-worker","thread_id":6133084160,"mdc":{}}
{"time":"2023-04-11T22:34:36.436475+09:00","message":"No pagination used","module_path":"web_test::routes::questions","file":"src/routes/questions.rs","line":27,"level":"INFO","target":"web_test::routes::questions","thread":"tokio-runtime-worker","thread_id":6133084160,"mdc":{}}
{"time":"2023-04-11T22:34:36.436556+09:00","message":"GET /questions 200 OK 316µs","module_path":"web_test","file":"src/main.rs","line":16,"level":"INFO","target":"web_test","thread":"tokio-runtime-worker","thread_id":6133084160,"mdc":{}}
{"time":"2023-04-11T22:34:36.542367+09:00","message":"Start querying questions","module_path":"web_test::routes::questions","file":"src/routes/questions.rs","line":18,"level":"INFO","target":"web_test::routes::questions","thread":"tokio-runtime-worker","thread_id":6133084160,"mdc":{}}
{"time":"2023-04-11T22:34:36.542424+09:00","message":"No pagination used","module_path":"web_test::routes::questions","file":"src/routes/questions.rs","line":27,"level":"INFO","target":"web_test::routes::questions","thread":"tokio-runtime-worker","thread_id":6133084160,"mdc":{}}
{"time":"2023-04-11T22:34:36.542507+09:00","message":"GET /questions 200 OK 223.25µs","module_path":"web_test","file":"src/main.rs","line":16,"level":"INFO","target":"web_test","thread":"tokio-runtime-worker","thread_id":6133084160,"mdc":{}}
{"time":"2023-04-11T22:34:36.648090+09:00","message":"Start querying questions","module_path":"web_test::routes::questions","file":"src/routes/questions.rs","line":18,"level":"INFO","target":"web_test::routes::questions","thread":"tokio-runtime-worker","thread_id":6133084160,"mdc":{}}
{"time":"2023-04-11T22:34:36.648142+09:00","message":"No pagination used","module_path":"web_test::routes::questions","file":"src/routes/questions.rs","line":27,"level":"INFO","target":"web_test::routes::questions","thread":"tokio-runtime-worker","thread_id":6133084160,"mdc":{}}
{"time":"2023-04-11T22:34:36.648216+09:00","message":"GET /questions 200 OK 196.917µs","module_path":"web_test","file":"src/main.rs","line":16,"level":"INFO","target":"web_test","thread":"tokio-runtime-worker","thread_id":6133084160,"mdc":{}}
{"time":"2023-04-11T22:34:36.756762+09:00","message":"Start querying questions","module_path":"web_test::routes::questions","file":"src/routes/questions.rs","line":18,"level":"INFO","target":"web_test::routes::questions","thread":"tokio-runtime-worker","thread_id":6133084160,"mdc":{}}
{"time":"2023-04-11T22:34:36.756833+09:00","message":"No pagination used","module_path":"web_test::routes::questions","file":"src/routes/questions.rs","line":27,"level":"INFO","target":"web_test::routes::questions","thread":"tokio-runtime-worker","thread_id":6133084160,"mdc":{}}
{"time":"2023-04-11T22:34:36.756913+09:00","message":"GET /questions 200 OK 222.833µs","module_path":"web_test","file":"src/main.rs","line":16,"level":"INFO","target":"web_test","thread":"tokio-runtime-worker","thread_id":6133084160,"mdc":{}}
{"time":"2023-04-11T22:34:36.870989+09:00","message":"Start querying questions","module_path":"web_test::routes::questions","file":"src/routes/questions.rs","line":18,"level":"INFO","target":"web_test::routes::questions","thread":"tokio-runtime-worker","thread_id":6133084160,"mdc":{}}
{"time":"2023-04-11T22:34:36.871044+09:00","message":"No pagination used","module_path":"web_test::routes::questions","file":"src/routes/questions.rs","line":27,"level":"INFO","target":"web_test::routes::questions","thread":"tokio-runtime-worker","thread_id":6133084160,"mdc":{}}
{"time":"2023-04-11T22:34:36.871129+09:00","message":"GET /questions 200 OK 230.208µs","module_path":"web_test","file":"src/main.rs","line":16,"level":"INFO","target":"web_test","thread":"tokio-runtime-worker","thread_id":6133084160,"mdc":{}}
{"time":"2023-04-11T22:34:36.989689+09:00","message":"Start querying questions","module_path":"web_test::routes::questions","file":"src/routes/questions.rs","line":18,"level":"INFO","target":"web_test::routes::questions","thread":"tokio-runtime-worker","thread_id":6133084160,"mdc":{}}
{"time":"2023-04-11T22:34:36.989743+09:00","message":"No pagination used","module_path":"web_test::routes::questions","file":"src/routes/questions.rs","line":27,"level":"INFO","target":"web_test::routes::questions","thread":"tokio-runtime-worker","thread_id":6133084160,"mdc":{}}
{"time":"2023-04-11T22:34:36.989825+09:00","message":"GET /questions 200 OK 206.584µs","module_path":"web_test","file":"src/main.rs","line":16,"level":"INFO","target":"web_test","thread":"tokio-runtime-worker","thread_id":6133084160,"mdc":{}}
{"time":"2023-04-11T22:34:37.102717+09:00","message":"Start querying questions","module_path":"web_test::routes::questions","file":"src/routes/questions.rs","line":18,"level":"INFO","target":"web_test::routes::questions","thread":"tokio-runtime-worker","thread_id":6133084160,"mdc":{}}
{"time":"2023-04-11T22:34:37.102774+09:00","message":"No pagination used","module_path":"web_test::routes::questions","file":"src/routes/questions.rs","line":27,"level":"INFO","target":"web_test::routes::questions","thread":"tokio-runtime-worker","thread_id":6133084160,"mdc":{}}
{"time":"2023-04-11T22:34:37.102866+09:00","message":"GET /questions 200 OK 222.833µs","module_path":"web_test","file":"src/main.rs","line":16,"level":"INFO","target":"web_test","thread":"tokio-runtime-worker","thread_id":6133084160,"mdc":{}}
{"time":"2023-04-11T22:34:37.223391+09:00","message":"Start querying questions","module_path":"web_test::routes::questions","file":"src/routes/questions.rs","line":18,"level":"INFO","target":"web_test::routes::questions","thread":"tokio-runtime-worker","thread_id":6133084160,"mdc":{}}
{"time":"2023-04-11T22:34:37.223453+09:00","message":"No pagination used","module_path":"web_test::routes::questions","file":"src/routes/questions.rs","line":27,"level":"INFO","target":"web_test::routes::questions","thread":"tokio-runtime-worker","thread_id":6133084160,"mdc":{}}
{"time":"2023-04-11T22:34:37.223541+09:00","message":"GET /questions 200 OK 240.959µs","module_path":"web_test","file":"src/main.rs","line":16,"level":"INFO","target":"web_test","thread":"tokio-runtime-worker","thread_id":6133084160,"mdc":{}}
{"time":"2023-04-11T22:34:37.340672+09:00","message":"Start querying questions","module_path":"web_test::routes::questions","file":"src/routes/questions.rs","line":18,"level":"INFO","target":"web_test::routes::questions","thread":"tokio-runtime-worker","thread_id":6133084160,"mdc":{}}
{"time":"2023-04-11T22:34:37.340735+09:00","message":"No pagination used","module_path":"web_test::routes::questions","file":"src/routes/questions.rs","line":27,"level":"INFO","target":"web_test::routes::questions","thread":"tokio-runtime-worker","thread_id":6133084160,"mdc":{}}
{"time":"2023-04-11T22:34:37.340845+09:00","message":"GET /questions 200 OK 267.833µs","module_path":"web_test","file":"src/main.rs","line":16,"level":"INFO","target":"web_test","thread":"tokio-runtime-worker","thread_id":6133084160,"mdc":{}}
{"time":"2023-04-11T22:34:37.450613+09:00","message":"Start querying questions","module_path":"web_test::routes::questions","file":"src/routes/questions.rs","line":18,"level":"INFO","target":"web_test::routes::questions","thread":"tokio-runtime-worker","thread_id":6130937856,"mdc":{}}
{"time":"2023-04-11T22:34:37.450679+09:00","message":"No pagination used","module_path":"web_test::routes::questions","file":"src/routes/questions.rs","line":27,"level":"INFO","target":"web_test::routes::questions","thread":"tokio-runtime-worker","thread_id":6130937856,"mdc":{}}
{"time":"2023-04-11T22:34:37.450776+09:00","message":"GET /questions 200 OK 386.375µs","module_path":"web_test","file":"src/main.rs","line":16,"level":"INFO","target":"web_test","thread":"tokio-runtime-worker","thread_id":6130937856,"mdc":{}}
{"time":"2023-04-11T22:34:37.571761+09:00","message":"Start querying questions","module_path":"web_test::routes::questions","file":"src/routes/questions.rs","line":18,"level":"INFO","target":"web_test::routes::questions","thread":"tokio-runtime-worker","thread_id":6130937856,"mdc":{}}
{"time":"2023-04-11T22:34:37.571823+09:00","message":"No pagination used","module_path":"web_test::routes::questions","file":"src/routes/questions.rs","line":27,"level":"INFO","target":"web_test::routes::questions","thread":"tokio-runtime-worker","thread_id":6130937856,"mdc":{}}
{"time":"2023-04-11T22:34:37.571914+09:00","message":"GET /questions 200 OK 238.5µs","module_path":"web_test","file":"src/main.rs","line":16,"level":"INFO","target":"web_test","thread":"tokio-runtime-worker","thread_id":6130937856,"mdc":{}}
{"time":"2023-04-11T22:34:37.704901+09:00","message":"Start querying questions","module_path":"web_test::routes::questions","file":"src/routes/questions.rs","line":18,"level":"INFO","target":"web_test::routes::questions","thread":"tokio-runtime-worker","thread_id":6130937856,"mdc":{}}
{"time":"2023-04-11T22:34:37.704963+09:00","message":"No pagination used","module_path":"web_test::routes::questions","file":"src/routes/questions.rs","line":27,"level":"INFO","target":"web_test::routes::questions","thread":"tokio-runtime-worker","thread_id":6130937856,"mdc":{}}
{"time":"2023-04-11T22:34:37.705057+09:00","message":"GET /questions 200 OK 237.958µs","module_path":"web_test","file":"src/main.rs","line":16,"level":"INFO","target":"web_test","thread":"tokio-runtime-worker","thread_id":6130937856,"mdc":{}}
{"time":"2023-04-11T22:34:37.826114+09:00","message":"Start querying questions","module_path":"web_test::routes::questions","file":"src/routes/questions.rs","line":18,"level":"INFO","target":"web_test::routes::questions","thread":"tokio-runtime-worker","thread_id":6130937856,"mdc":{}}
{"time":"2023-04-11T22:34:37.826179+09:00","message":"No pagination used","module_path":"web_test::routes::questions","file":"src/routes/questions.rs","line":27,"level":"INFO","target":"web_test::routes::questions","thread":"tokio-runtime-worker","thread_id":6130937856,"mdc":{}}
{"time":"2023-04-11T22:34:37.826265+09:00","message":"GET /questions 200 OK 250.625µs","module_path":"web_test","file":"src/main.rs","line":16,"level":"INFO","target":"web_test","thread":"tokio-runtime-worker","thread_id":6130937856,"mdc":{}}
{"time":"2023-04-11T22:34:37.945591+09:00","message":"Start querying questions","module_path":"web_test::routes::questions","file":"src/routes/questions.rs","line":18,"level":"INFO","target":"web_test::routes::questions","thread":"tokio-runtime-worker","thread_id":6130937856,"mdc":{}}
{"time":"2023-04-11T22:34:37.945653+09:00","message":"No pagination used","module_path":"web_test::routes::questions","file":"src/routes/questions.rs","line":27,"level":"INFO","target":"web_test::routes::questions","thread":"tokio-runtime-worker","thread_id":6130937856,"mdc":{}}
{"time":"2023-04-11T22:34:37.945765+09:00","message":"GET /questions 200 OK 275.208µs","module_path":"web_test","file":"src/main.rs","line":16,"level":"INFO","target":"web_test","thread":"tokio-runtime-worker","thread_id":6130937856,"mdc":{}}
{"time":"2023-04-11T22:34:38.079256+09:00","message":"Start querying questions","module_path":"web_test::routes::questions","file":"src/routes/questions.rs","line":18,"level":"INFO","target":"web_test::routes::questions","thread":"tokio-runtime-worker","thread_id":6130937856,"mdc":{}}
{"time":"2023-04-11T22:34:38.079308+09:00","message":"No pagination used","module_path":"web_test::routes::questions","file":"src/routes/questions.rs","line":27,"level":"INFO","target":"web_test::routes::questions","thread":"tokio-runtime-worker","thread_id":6130937856,"mdc":{}}
{"time":"2023-04-11T22:34:38.079400+09:00","message":"GET /questions 200 OK 239.917µs","module_path":"web_test","file":"src/main.rs","line":16,"level":"INFO","target":"web_test","thread":"tokio-runtime-worker","thread_id":6130937856,"mdc":{}}
{"time":"2023-04-11T22:34:38.210762+09:00","message":"Start querying questions","module_path":"web_test::routes::questions","file":"src/routes/questions.rs","line":18,"level":"INFO","target":"web_test::routes::questions","thread":"tokio-runtime-worker","thread_id":6130937856,"mdc":{}}
{"time":"2023-04-11T22:34:38.210828+09:00","message":"No pagination used","module_path":"web_test::routes::questions","file":"src/routes/questions.rs","line":27,"level":"INFO","target":"web_test::routes::questions","thread":"tokio-runtime-worker","thread_id":6130937856,"mdc":{}}
{"time":"2023-04-11T22:34:38.210921+09:00","message":"GET /questions 200 OK 239.583µs","module_path":"web_test","file":"src/main.rs","line":16,"level":"INFO","target":"web_test","thread":"tokio-runtime-worker","thread_id":6130937856,"mdc":{}}
{"time":"2023-04-11T22:34:38.332300+09:00","message":"Start querying questions","module_path":"web_test::routes::questions","file":"src/routes/questions.rs","line":18,"level":"INFO","target":"web_test::routes::questions","thread":"tokio-runtime-worker","thread_id":6130937856,"mdc":{}}
{"time":"2023-04-11T22:34:38.332363+09:00","message":"No pagination used","module_path":"web_test::routes::questions","file":"src/routes/questions.rs","line":27,"level":"INFO","target":"web_test::routes::questions","thread":"tokio-runtime-worker","thread_id":6130937856,"mdc":{}}
{"time":"2023-04-11T22:34:38.332454+09:00","message":"GET /questions 200 OK 237.333µs","module_path":"web_test","file":"src/main.rs","line":16,"level":"INFO","target":"web_test","thread":"tokio-runtime-worker","thread_id":6130937856,"mdc":{}}
{"time":"2023-04-11T22:34:38.470207+09:00","message":"Start querying questions","module_path":"web_test::routes::questions","file":"src/routes/questions.rs","line":18,"level":"INFO","target":"web_test::routes::questions","thread":"tokio-runtime-worker","thread_id":6130937856,"mdc":{}}
{"time":"2023-04-11T22:34:38.470270+09:00","message":"No pagination used","module_path":"web_test::routes::questions","file":"src/routes/questions.rs","line":27,"level":"INFO","target":"web_test::routes::questions","thread":"tokio-runtime-worker","thread_id":6130937856,"mdc":{}}
{"time":"2023-04-11T22:34:38.470362+09:00","message":"GET /questions 200 OK 275.833µs","module_path":"web_test","file":"src/main.rs","line":16,"level":"INFO","target":"web_test","thread":"tokio-runtime-worker","thread_id":6130937856,"mdc":{}}
{"time":"2023-04-11T22:34:38.601863+09:00","message":"Start querying questions","module_path":"web_test::routes::questions","file":"src/routes/questions.rs","line":18,"level":"INFO","target":"web_test::routes::questions","thread":"tokio-runtime-worker","thread_id":6130937856,"mdc":{}}
{"time":"2023-04-11T22:34:38.601926+09:00","message":"No pagination used","module_path":"web_test::routes::questions","file":"src/routes/questions.rs","line":27,"level":"INFO","target":"web_test::routes::questions","thread":"tokio-runtime-worker","thread_id":6130937856,"mdc":{}}
{"time":"2023-04-11T22:34:38.602030+09:00","message":"GET /questions 200 OK 253.791µs","module_path":"web_test","file":"src/main.rs","line":16,"level":"INFO","target":"web_test","thread":"tokio-runtime-worker","thread_id":6130937856,"mdc":{}}
{"time":"2023-04-11T22:34:38.727849+09:00","message":"Start querying questions","module_path":"web_test::routes::questions","file":"src/routes/questions.rs","line":18,"level":"INFO","target":"web_test::routes::questions","thread":"tokio-runtime-worker","thread_id":6130937856,"mdc":{}}
{"time":"2023-04-11T22:34:38.727913+09:00","message":"No pagination used","module_path":"web_test::routes::questions","file":"src/routes/questions.rs","line":27,"level":"INFO","target":"web_test::routes::questions","thread":"tokio-runtime-worker","thread_id":6130937856,"mdc":{}}
{"time":"2023-04-11T22:34:38.728011+09:00","message":"GET /questions 200 OK 250.708µs","module_path":"web_test","file":"src/main.rs","line":16,"level":"INFO","target":"web_test","thread":"tokio-runtime-worker","thread_id":6130937856,"mdc":{}}
{"time":"2023-04-11T22:34:38.846166+09:00","message":"Start querying questions","module_path":"web_test::routes::questions","file":"src/routes/questions.rs","line":18,"level":"INFO","target":"web_test::routes::questions","thread":"tokio-runtime-worker","thread_id":6130937856,"mdc":{}}
{"time":"2023-04-11T22:34:38.846226+09:00","message":"No pagination used","module_path":"web_test::routes::questions","file":"src/routes/questions.rs","line":27,"level":"INFO","target":"web_test::routes::questions","thread":"tokio-runtime-worker","thread_id":6130937856,"mdc":{}}
{"time":"2023-04-11T22:34:38.846315+09:00","message":"GET /questions 200 OK 225µs","module_path":"web_test","file":"src/main.rs","line":16,"level":"INFO","target":"web_test","thread":"tokio-runtime-worker","thread_id":6130937856,"mdc":{}}
{"time":"2023-04-11T22:35:08.367011+09:00","message":"Start querying questions","module_path":"web_test::routes::questions","file":"src/routes/questions.rs","line":18,"level":"INFO","target":"web_test::routes::questions","thread":"tokio-runtime-worker","thread_id":6130937856,"mdc":{}}
{"time":"2023-04-11T22:35:08.367389+09:00","message":"No pagination used","module_path":"web_test::routes::questions","file":"src/routes/questions.rs","line":27,"level":"INFO","target":"web_test::routes::questions","thread":"tokio-runtime-worker","thread_id":6130937856,"mdc":{}}
{"time":"2023-04-11T22:35:08.367861+09:00","message":"Start querying questions","module_path":"web_test::routes::questions","file":"src/routes/questions.rs","line":18,"level":"INFO","target":"web_test::routes::questions","thread":"tokio-runtime-worker","thread_id":6133084160,"mdc":{}}
{"time":"2023-04-11T22:35:08.367980+09:00","message":"No pagination used","module_path":"web_test::routes::questions","file":"src/routes/questions.rs","line":27,"level":"INFO","target":"web_test::routes::questions","thread":"tokio-runtime-worker","thread_id":6133084160,"mdc":{}}
{"time":"2023-04-11T22:35:08.368258+09:00","message":"Start querying questions","module_path":"web_test::routes::questions","file":"src/routes/questions.rs","line":18,"level":"INFO","target":"web_test::routes::questions","thread":"tokio-runtime-worker","thread_id":6128791552,"mdc":{}}
{"time":"2023-04-11T22:35:08.372082+09:00","message":"No pagination used","module_path":"web_test::routes::questions","file":"src/routes/questions.rs","line":27,"level":"INFO","target":"web_test::routes::questions","thread":"tokio-runtime-worker","thread_id":6128791552,"mdc":{}}
{"time":"2023-04-11T22:35:08.372465+09:00","message":"GET /questions 200 OK 5.120708ms","module_path":"web_test","file":"src/main.rs","line":16,"level":"INFO","target":"web_test","thread":"tokio-runtime-worker","thread_id":6128791552,"mdc":{}}
{"time":"2023-04-11T22:35:08.373639+09:00","message":"GET /questions 200 OK 1.465333ms","module_path":"web_test","file":"src/main.rs","line":16,"level":"INFO","target":"web_test","thread":"tokio-runtime-worker","thread_id":6130937856,"mdc":{}}
{"time":"2023-04-11T22:35:08.374312+09:00","message":"GET /questions 200 OK 1.220791ms","module_path":"web_test","file":"src/main.rs","line":16,"level":"INFO","target":"web_test","thread":"tokio-runtime-worker","thread_id":6133084160,"mdc":{}}
{"time":"2023-04-11T22:35:08.379051+09:00","message":"Start querying questions","module_path":"web_test::routes::questions","file":"src/routes/questions.rs","line":18,"level":"INFO","target":"web_test::routes::questions","thread":"tokio-runtime-worker","thread_id":6124498944,"mdc":{}}
{"time":"2023-04-11T22:35:08.379388+09:00","message":"No pagination used","module_path":"web_test::routes::questions","file":"src/routes/questions.rs","line":27,"level":"INFO","target":"web_test::routes::questions","thread":"tokio-runtime-worker","thread_id":6124498944,"mdc":{}}
{"time":"2023-04-11T22:35:08.381567+09:00","message":"GET /questions 200 OK 14.42775ms","module_path":"web_test","file":"src/main.rs","line":16,"level":"INFO","target":"web_test","thread":"tokio-runtime-worker","thread_id":6124498944,"mdc":{}}
